Arguments: 
  C:\Program Files\nodejs\node.exe C:\Users\moJiXiang\AppData\Roaming\npm\node_modules\yarn\bin\yarn.js add qing-web-api-sdk

PATH: 
  C:\Program Files (x86)\Common Files\Oracle\Java\javapath;C:\Python39\Scripts\;C:\Python39\;C:\WINDOWS\system32;C:\WINDOWS;C:\WINDOWS\System32\Wbem;C:\WINDOWS\System32\WindowsPowerShell\v1.0\;C:\WINDOWS\System32\OpenSSH\;C:\Program Files\nodejs\;C:\ProgramData\chocolatey\bin;D:\Gradle\bin;D:\apache-jmeter-5.4.1\bin;D:\Go\bin;C:\Users\moJiXiang\AppData\Roaming\Python\Python39\Scripts;C:\Users\moJiXiang\kubectl.exe;D:\Kubernetes\Minikube;;C:\Program Files\Docker\Docker\resources\bin;C:\ProgramData\DockerDesktop\version-bin;C:\Program Files\dotnet\;C:\Users\moJiXiang\AppData\Local\Programs\Python\Python39\Scripts\;C:\Users\moJiXiang\AppData\Local\Programs\Python\Python39\;C:\Users\moJiXiang\AppData\Local\Microsoft\WindowsApps;D:\SOFTWARE\Microsoft VS Code\bin;C:\Users\moJiXiang\AppData\Local\hyper\app-3.0.2\resources\bin;C:\Users\moJiXiang\AppData\Roaming\npm;D:\SOFTWARE\Git\cmd;C:\Users\moJiXiang\go\bin

Yarn version: 
  1.22.10

Node version: 
  14.15.4

Platform: 
  win32 x64

Trace: 
  Error: https://registry.npm.taobao.org/qing-web-api-sdk: Not found
      at Request.params.callback [as _callback] (C:\Users\moJiXiang\AppData\Roaming\npm\node_modules\yarn\lib\cli.js:66988:18)
      at Request.self.callback (C:\Users\moJiXiang\AppData\Roaming\npm\node_modules\yarn\lib\cli.js:140662:22)
      at Request.emit (events.js:315:20)
      at Request.<anonymous> (C:\Users\moJiXiang\AppData\Roaming\npm\node_modules\yarn\lib\cli.js:141634:10)
      at Request.emit (events.js:315:20)
      at IncomingMessage.<anonymous> (C:\Users\moJiXiang\AppData\Roaming\npm\node_modules\yarn\lib\cli.js:141556:12)
      at Object.onceWrapper (events.js:421:28)
      at IncomingMessage.emit (events.js:327:22)
      at endReadableNT (internal/streams/readable.js:1327:12)
      at processTicksAndRejections (internal/process/task_queues.js:80:21)

npm manifest: 
  {
    "name": "qing-core",
    "version": "1.0.10",
    "main": "dist/src/index.js",
    "types": "dist/types/src/index.d.ts",
    "author": "moJiXiang",
    "license": "MIT",
    "scripts": {
      "clear": "rimraf dist",
      "build": "yarn clear && tsc -p ./tsconfig.json"
    },
    "devDependencies": {
      "rimraf": "^3.0.2",
      "rollup": "^2.48.0",
      "typescript": "4.0.2"
    },
    "dependencies": {
      "angular-pluggable": "^1.0.10",
      "reflect-metadata": "^0.1.13",
      "typedi": "^0.10.0"
    },
    "files": [
      "dist"
    ]
  }

yarn manifest: 
  No manifest

Lockfile: 
  # THIS IS AN AUTOGENERATED FILE. DO NOT EDIT THIS FILE DIRECTLY.
  # yarn lockfile v1
  
  
  "@angular/common@11.2.3":
    version "11.2.3"
    resolved "https://registry.nlark.com/@angular/common/download/@angular/common-11.2.3.tgz?cache=0&sync_timestamp=1629323698073&other_urls=https%3A%2F%2Fregistry.nlark.com%2F%40angular%2Fcommon%2Fdownload%2F%40angular%2Fcommon-11.2.3.tgz#e71d645fb6bdef9463f23a551cc072ef276c1d84"
    integrity sha1-5x1kX7a975Rj8jpVHMBy7ydsHYQ=
    dependencies:
      tslib "^2.0.0"
  
  "@angular/core@11.2.3":
    version "11.2.3"
    resolved "https://registry.nlark.com/@angular/core/download/@angular/core-11.2.3.tgz?cache=0&sync_timestamp=1629323690602&other_urls=https%3A%2F%2Fregistry.nlark.com%2F%40angular%2Fcore%2Fdownload%2F%40angular%2Fcore-11.2.3.tgz#7dd59f35e0b2410543a61be6048c474c18a43f40"
    integrity sha1-fdWfNeCyQQVDphvmBIxHTBikP0A=
    dependencies:
      tslib "^2.0.0"
  
  angular-pluggable@^1.0.10:
    version "1.0.10"
    resolved "https://registry.nlark.com/angular-pluggable/download/angular-pluggable-1.0.10.tgz#d53c0e799a1850c4be49d543e4a0b0b397abd090"
    integrity sha1-1TwOeZoYUMS+SdVD5KCws5er0JA=
    dependencies:
      "@angular/common" "11.2.3"
      "@angular/core" "11.2.3"
      rxjs "^7.0.1"
  
  balanced-match@^1.0.0:
    version "1.0.2"
    resolved "https://registry.npm.taobao.org/balanced-match/download/balanced-match-1.0.2.tgz#e83e3a7e3f300b34cb9d87f615fa0cbf357690ee"
    integrity sha1-6D46fj8wCzTLnYf2FfoMvzV2kO4=
  
  brace-expansion@^1.1.7:
    version "1.1.11"
    resolved "https://registry.nlark.com/brace-expansion/download/brace-expansion-1.1.11.tgz#3c7fcbf529d87226f3d2f52b966ff5271eb441dd"
    integrity sha1-PH/L9SnYcibz0vUrlm/1Jx60Qd0=
    dependencies:
      balanced-match "^1.0.0"
      concat-map "0.0.1"
  
  concat-map@0.0.1:
    version "0.0.1"
    resolved "https://registry.nlark.com/concat-map/download/concat-map-0.0.1.tgz#d8a96bd77fd68df7793a73036a3ba0d5405d477b"
    integrity sha1-2Klr13/Wjfd5OnMDajug1UBdR3s=
  
  fs.realpath@^1.0.0:
    version "1.0.0"
    resolved "https://registry.nlark.com/fs.realpath/download/fs.realpath-1.0.0.tgz#1504ad2523158caa40db4a2787cb01411994ea4f"
    integrity sha1-FQStJSMVjKpA20onh8sBQRmU6k8=
  
  fsevents@~2.3.2:
    version "2.3.2"
    resolved "https://registry.npm.taobao.org/fsevents/download/fsevents-2.3.2.tgz#8a526f78b8fdf4623b709e0b975c52c24c02fd1a"
    integrity sha1-ilJveLj99GI7cJ4Ll1xSwkwC/Ro=
  
  glob@^7.1.3:
    version "7.1.7"
    resolved "https://registry.nlark.com/glob/download/glob-7.1.7.tgz#3b193e9233f01d42d0b3f78294bbeeb418f94a90"
    integrity sha1-Oxk+kjPwHULQs/eClLvutBj5SpA=
    dependencies:
      fs.realpath "^1.0.0"
      inflight "^1.0.4"
      inherits "2"
      minimatch "^3.0.4"
      once "^1.3.0"
      path-is-absolute "^1.0.0"
  
  inflight@^1.0.4:
    version "1.0.6"
    resolved "https://registry.npm.taobao.org/inflight/download/inflight-1.0.6.tgz#49bd6331d7d02d0c09bc910a1075ba8165b56df9"
    integrity sha1-Sb1jMdfQLQwJvJEKEHW6gWW1bfk=
    dependencies:
      once "^1.3.0"
      wrappy "1"
  
  inherits@2:
    version "2.0.4"
    resolved "https://registry.nlark.com/inherits/download/inherits-2.0.4.tgz#0fa2c64f932917c3433a0ded55363aae37416b7c"
    integrity sha1-D6LGT5MpF8NDOg3tVTY6rjdBa3w=
  
  minimatch@^3.0.4:
    version "3.0.4"
    resolved "https://registry.npm.taobao.org/minimatch/download/minimatch-3.0.4.tgz#5166e286457f03306064be5497e8dbb0c3d32083"
    integrity sha1-UWbihkV/AzBgZL5Ul+jbsMPTIIM=
    dependencies:
      brace-expansion "^1.1.7"
  
  once@^1.3.0:
    version "1.4.0"
    resolved "https://registry.nlark.com/once/download/once-1.4.0.tgz#583b1aa775961d4b113ac17d9c50baef9dd76bd1"
    integrity sha1-WDsap3WWHUsROsF9nFC6753Xa9E=
    dependencies:
      wrappy "1"
  
  path-is-absolute@^1.0.0:
    version "1.0.1"
    resolved "https://registry.nlark.com/path-is-absolute/download/path-is-absolute-1.0.1.tgz#174b9268735534ffbc7ace6bf53a5a9e1b5c5f5f"
    integrity sha1-F0uSaHNVNP+8es5r9TpanhtcX18=
  
  reflect-metadata@^0.1.13:
    version "0.1.13"
    resolved "https://registry.nlark.com/reflect-metadata/download/reflect-metadata-0.1.13.tgz#67ae3ca57c972a2aa1642b10fe363fe32d49dc08"
    integrity sha1-Z648pXyXKiqhZCsQ/jY/4y1J3Ag=
  
  rimraf@^3.0.2:
    version "3.0.2"
    resolved "https://registry.npm.taobao.org/rimraf/download/rimraf-3.0.2.tgz#f1a5402ba6220ad52cc1282bac1ae3aa49fd061a"
    integrity sha1-8aVAK6YiCtUswSgrrBrjqkn9Bho=
    dependencies:
      glob "^7.1.3"
  
  rollup@^2.48.0:
    version "2.56.2"
    resolved "https://registry.nlark.com/rollup/download/rollup-2.56.2.tgz#a045ff3f6af53ee009b5f5016ca3da0329e5470f"
    integrity sha1-oEX/P2r1PuAJtfUBbKPaAynlRw8=
    optionalDependencies:
      fsevents "~2.3.2"
  
  rxjs@^7.0.1:
    version "7.3.0"
    resolved "https://registry.nlark.com/rxjs/download/rxjs-7.3.0.tgz#39fe4f3461dc1e50be1475b2b85a0a88c1e938c6"
    integrity sha1-Of5PNGHcHlC+FHWyuFoKiMHpOMY=
    dependencies:
      tslib "~2.1.0"
  
  tslib@^2.0.0:
    version "2.3.1"
    resolved "https://registry.nlark.com/tslib/download/tslib-2.3.1.tgz?cache=0&sync_timestamp=1628722556410&other_urls=https%3A%2F%2Fregistry.nlark.com%2Ftslib%2Fdownload%2Ftslib-2.3.1.tgz#e8a335add5ceae51aa261d32a490158ef042ef01"
    integrity sha1-6KM1rdXOrlGqJh0ypJAVjvBC7wE=
  
  tslib@~2.1.0:
    version "2.1.0"
    resolved "https://registry.nlark.com/tslib/download/tslib-2.1.0.tgz?cache=0&sync_timestamp=1628722556410&other_urls=https%3A%2F%2Fregistry.nlark.com%2Ftslib%2Fdownload%2Ftslib-2.1.0.tgz#da60860f1c2ecaa5703ab7d39bc05b6bf988b97a"
    integrity sha1-2mCGDxwuyqVwOrfTm8Bba/mIuXo=
  
  typedi@^0.10.0:
    version "0.10.0"
    resolved "https://registry.nlark.com/typedi/download/typedi-0.10.0.tgz#e8f9a5ee100b84addbdfb57fe90d8d9ed2a21dea"
    integrity sha1-6Pml7hALhK3b37V/6Q2NntKiHeo=
  
  typescript@4.0.2:
    version "4.0.2"
    resolved "https://registry.nlark.com/typescript/download/typescript-4.0.2.tgz#7ea7c88777c723c681e33bf7988be5d008d05ac2"
    integrity sha1-fqfIh3fHI8aB4zv3mIvl0AjQWsI=
  
  wrappy@1:
    version "1.0.2"
    resolved "https://registry.nlark.com/wrappy/download/wrappy-1.0.2.tgz?cache=0&sync_timestamp=1619133505879&other_urls=https%3A%2F%2Fregistry.nlark.com%2Fwrappy%2Fdownload%2Fwrappy-1.0.2.tgz#b5243d8f3ec1aa35f1364605bc0d1036e30ab69f"
    integrity sha1-tSQ9jz7BqjXxNkYFvA0QNuMKtp8=
